<?xml version="1.0" encoding="UTF-8"?>
<!-- Generated by org.testng.reporters.JUnitXMLReporter -->
<testsuite ignored="0" hostname="DESKTOP-JFJOASN" failures="0" tests="8" name="Default test" time="14.834" errors="0" timestamp="2024-05-10T16:37:33 EEST">
  <testcase classname="curs19.SeleniumLocators" name="tagNameLocator" time="0.078"/>
  <testcase classname="curs19.SeleniumLocators" name="linkTextLocator" time="0.633"/>
  <testcase classname="curs19.SeleniumLocators" name="partialLinkTextLocator" time="1.012"/>
  <testcase classname="curs19.SeleniumLocators" name="classNameLocator" time="0.047"/>
  <testcase classname="curs19.SeleniumLocators" name="idLocator" time="0.132"/>
  <testcase classname="curs19.SeleniumLocators" name="nameLocator" time="3.239"/>
  <testcase classname="curs19.SeleniumLocators" name="cssSelectorLocator" time="0.083"/>
  <testcase classname="curs19.SeleniumLocators" name="xpathLocator" time="0.107"/>
</testsuite> <!-- Default test -->
