<?xml version="1.0" encoding="UTF-8"?>
<!-- Generated by org.testng.reporters.JUnitXMLReporter -->
<testsuite ignored="0" hostname="DESKTOP-JFJOASN" failures="0" tests="5" name="Default test" time="0.12" errors="0" timestamp="2024-04-26T17:53:27 EEST">
  <testcase classname="curs17.TestPriority" name="five" time="0.018"/>
  <testcase classname="curs17.TestPriority" name="four" time="0.002"/>
  <testcase classname="curs17.TestPriority" name="one" time="0.002"/>
  <testcase classname="curs17.TestPriority" name="two" time="0.004"/>
  <testcase classname="curs17.TestPriority" name="three" time="0.002"/>
</testsuite> <!-- Default test -->
